<?xml version="1.0" encoding="UTF-8" ?>
<testsuite tests="3" failures="1" name="pl.polsl.pamula.zbigniew.test.StudentTest" time="3.302" errors="0" skipped="0">
  <properties>
[...]
</properties>
  <testcase classname="pl.polsl.pamula.zbigniew.test.StudentTest" name="testRead" time="0.126">
    <failure message="Should be 3 students expected:&lt;3&gt; but was:&lt;4&gt;" type="java.lang.AssertionError">java.lang.AssertionError: Should be 3 students expected:&lt;3&gt; but was:&lt;4&gt;
	at org.junit.Assert.fail(Assert.java:88)
	at org.junit.Assert.failNotEquals(Assert.java:834)
	at org.junit.Assert.assertEquals(Assert.java:645)
	at pl.polsl.pamula.zbigniew.test.StudentTest.testRead(StudentTest.java:74)
	at sun.reflect.NativeMethodAccessorImpl.invoke0(Native Method)
	at sun.reflect.NativeMethodAccessorImpl.invoke(NativeMethodAccessorImpl.java:62)
	at sun.reflect.DelegatingMethodAccessorImpl.invoke(DelegatingMethodAccessorImpl.java:43)
	at java.lang.reflect.Method.invoke(Method.java:498)
	at org.junit.runners.model.FrameworkMethod$1.runReflectiveCall(FrameworkMethod.java:50)
	at org.junit.internal.runners.model.ReflectiveCallable.run(ReflectiveCallable.java:12)
	at org.junit.runners.model.FrameworkMethod.invokeExplosively(FrameworkMethod.java:47)
	at org.junit.internal.runners.statements.InvokeMethod.evaluate(InvokeMethod.java:17)
	at org.junit.internal.runners.statements.RunBefores.evaluate(RunBefores.java:26)
	at org.junit.internal.runners.statements.RunAfters.evaluate(RunAfters.java:27)
	at org.junit.runners.ParentRunner.runLeaf(ParentRunner.java:325)
	at org.junit.runners.BlockJUnit4ClassRunner.runChild(BlockJUnit4ClassRunner.java:78)
	at org.junit.runners.BlockJUnit4ClassRunner.runChild(BlockJUnit4ClassRunner.java:57)
	at org.junit.runners.ParentRunner$3.run(ParentRunner.java:290)
	at org.junit.runners.ParentRunner$1.schedule(ParentRunner.java:71)
	at org.junit.runners.ParentRunner.runChildren(ParentRunner.java:288)
	at org.junit.runners.ParentRunner.access$000(ParentRunner.java:58)
	at org.junit.runners.ParentRunner$2.evaluate(ParentRunner.java:268)
	at org.junit.internal.runners.statements.RunBefores.evaluate(RunBefores.java:26)
	at org.junit.runners.ParentRunner.run(ParentRunner.java:363)
	at org.apache.maven.surefire.junit4.JUnit4TestSet.execute(JUnit4TestSet.java:53)
	at org.apache.maven.surefire.junit4.JUnit4Provider.executeTestSet(JUnit4Provider.java:123)
	at org.apache.maven.surefire.junit4.JUnit4Provider.invoke(JUnit4Provider.java:104)
	at sun.reflect.NativeMethodAccessorImpl.invoke0(Native Method)
	at sun.reflect.NativeMethodAccessorImpl.invoke(NativeMethodAccessorImpl.java:62)
	at sun.reflect.DelegatingMethodAccessorImpl.invoke(DelegatingMethodAccessorImpl.java:43)
	at java.lang.reflect.Method.invoke(Method.java:498)
	at org.apache.maven.surefire.util.ReflectionUtils.invokeMethodWithArray(ReflectionUtils.java:164)
	at org.apache.maven.surefire.booter.ProviderFactory$ProviderProxy.invoke(ProviderFactory.java:110)
	at org.apache.maven.surefire.booter.SurefireStarter.invokeProvider(SurefireStarter.java:175)
	at org.apache.maven.surefire.booter.SurefireStarter.runSuitesInProcessWhenForked(SurefireStarter.java:107)
	at org.apache.maven.surefire.booter.ForkedBooter.main(ForkedBooter.java:68)
</failure>
    <system-out>INFO - ********************************************************************************
INFO - OpenEJB http://tomee.apache.org/
INFO - Startup: Mon Jan 15 15:05:01 CET 2018
INFO - Copyright 1999-2015 (C) Apache OpenEJB/TomEE Project, All Rights Reserved.
INFO - Version: 4.7.4
INFO - Build date: 20160304
INFO - Build time: 09:05
INFO - ********************************************************************************
INFO - openejb.home = C:\Users\xiens\Documents\NetBeansProjects\Library_5\Library_5-ejb
INFO - openejb.base = C:\Users\xiens\Documents\NetBeansProjects\Library_5\Library_5-ejb
INFO - Created new singletonService org.apache.openejb.cdi.ThreadSingletonServiceImpl@73f792cf
INFO - Succeeded in installing singleton service
INFO - Cannot find the configuration file [conf/openejb.xml].  Will attempt to create one for the beans deployed.
INFO - Configuring Service(id=Default Security Service, type=SecurityService, provider-id=Default Security Service)
INFO - Configuring Service(id=Default Transaction Manager, type=TransactionManager, provider-id=Default Transaction Manager)
INFO - Configuring Service(id=Test-PU, type=Resource, provider-id=Default JDBC Database)
INFO - Found EjbModule in classpath: c:\users\xiens\documents\netbeansprojects\library_5\library_5-ejb\target\classes
INFO - Beginning load: c:\users\xiens\documents\netbeansprojects\library_5\library_5-ejb\target\classes
INFO - Configuring enterprise application: C:\Users\xiens\Documents\NetBeansProjects\Library_5\Library_5-ejb\classpath.ear
INFO - Auto-deploying ejb BookBean: EjbDeployment(deployment-id=BookBean)
INFO - Configuring Service(id=Default Stateless Container, type=Container, provider-id=Default Stateless Container)
INFO - Auto-creating a container for bean BookBean: Container(type=STATELESS, id=Default Stateless Container)
INFO - Configuring PersistenceUnit(name=TestPU, provider=org.eclipse.persistence.jpa.PersistenceProvider)
INFO - Auto-creating a Resource with id &apos;Test-PUNonJta&apos; of type &apos;DataSource for &apos;TestPU&apos;.
INFO - Configuring Service(id=Test-PUNonJta, type=Resource, provider-id=Test-PU)
INFO - Adjusting PersistenceUnit TestPU &lt;jta-data-source&gt; to Resource ID &apos;Test-PU&apos; from &apos;jdbc/test&apos;
INFO - Adjusting PersistenceUnit TestPU &lt;non-jta-data-source&gt; to Resource ID &apos;Test-PUNonJta&apos; from &apos;null&apos;
INFO - Enterprise application &quot;C:\Users\xiens\Documents\NetBeansProjects\Library_5\Library_5-ejb\classpath.ear&quot; loaded.
INFO - Creating TransactionManager(id=Default Transaction Manager)
INFO - Creating SecurityService(id=Default Security Service)
INFO - Creating Resource(id=Test-PU)
INFO - Creating Resource(id=Test-PUNonJta)
INFO - Creating Container(id=Default Stateless Container)
INFO - Assembling app: C:\Users\xiens\Documents\NetBeansProjects\Library_5\Library_5-ejb\classpath.ear
WARNING - JAVA AGENT NOT INSTALLED. The JPA Persistence Provider requested installation of a ClassFileTransformer which requires a JavaAgent.  See http://tomee.apache.org/javaagent.html
[EL Info]: 2018-01-15 15:05:03.073--ServerSession(593447952)--EclipseLink, version: Eclipse Persistence Services - 2.5.2.v20140319-9ad6abd
[EL Info]: 2018-01-15 15:05:03.469--ServerSession(593447952)--file:/c:/users/xiens/documents/netbeansprojects/library_5/library_5-ejb/target/classes/_TestPU login successful
[EL Warning]: 2018-01-15 15:05:03.473--ServerSession(593447952)--Problem while registering MBean: java.lang.NullPointerException
INFO - PersistenceUnit(name=TestPU, provider=org.eclipse.persistence.jpa.PersistenceProvider) - provider time 1326ms
INFO - Jndi(name=BookBeanLocalBean) --&gt; Ejb(deployment-id=BookBean)
INFO - Jndi(name=global/classpath.ear/Library_5-ejb/BookBean!pl.polsl.pamula.zbigniew.model.BookBean) --&gt; Ejb(deployment-id=BookBean)
INFO - Jndi(name=global/classpath.ear/Library_5-ejb/BookBean) --&gt; Ejb(deployment-id=BookBean)
INFO - Existing thread singleton service in SystemInstance(): org.apache.openejb.cdi.ThreadSingletonServiceImpl@73f792cf
INFO - OpenWebBeans Container is starting...
INFO - Adding OpenWebBeansPlugin : [CdiPlugin]
INFO - All injection points were validated successfully.
INFO - OpenWebBeans Container has started, it took 57 ms.
INFO - Created Ejb(deployment-id=BookBean, ejb-name=BookBean, container=Default Stateless Container)
INFO - Started Ejb(deployment-id=BookBean, ejb-name=BookBean, container=Default Stateless Container)
INFO - Deployed Application(path=C:\Users\xiens\Documents\NetBeansProjects\Library_5\Library_5-ejb\classpath.ear)
</system-out>
  </testcase>
  <testcase classname="pl.polsl.pamula.zbigniew.test.StudentTest" name="testDelete" time="0.029"/>
  <testcase classname="pl.polsl.pamula.zbigniew.test.StudentTest" name="testUpdate" time="0.053"/>
</testsuite>